{"C:\\ANTON\\WEB\\frontend-project-46\\src\\genDiff.js": {"path":"C:\\ANTON\\WEB\\frontend-project-46\\src\\genDiff.js","statementMap":{"0":{"start":{"line":3,"column":23},"end":{"line":8,"column":1}},"1":{"start":{"line":4,"column":2},"end":{"line":6,"column":3}},"2":{"start":{"line":5,"column":4},"end":{"line":5,"column":50}},"3":{"start":{"line":7,"column":2},"end":{"line":7,"column":38}},"4":{"start":{"line":11,"column":15},"end":{"line":11,"column":50}},"5":{"start":{"line":12,"column":15},"end":{"line":28,"column":8}},"6":{"start":{"line":13,"column":18},"end":{"line":13,"column":41}},"7":{"start":{"line":14,"column":18},"end":{"line":14,"column":41}},"8":{"start":{"line":15,"column":30},"end":{"line":15,"column":53}},"9":{"start":{"line":16,"column":29},"end":{"line":16,"column":52}},"10":{"start":{"line":18,"column":4},"end":{"line":22,"column":5}},"11":{"start":{"line":19,"column":6},"end":{"line":21,"column":56}},"12":{"start":{"line":24,"column":4},"end":{"line":26,"column":5}},"13":{"start":{"line":25,"column":6},"end":{"line":25,"column":41}},"14":{"start":{"line":27,"column":4},"end":{"line":27,"column":38}},"15":{"start":{"line":30,"column":17},"end":{"line":30,"column":38}},"16":{"start":{"line":31,"column":17},"end":{"line":31,"column":54}},"17":{"start":{"line":32,"column":2},"end":{"line":32,"column":27}}},"fnMap":{"0":{"name":"(anonymous_0)","decl":{"start":{"line":3,"column":23},"end":{"line":3,"column":24}},"loc":{"start":{"line":3,"column":32},"end":{"line":8,"column":1}},"line":3},"1":{"name":"(anonymous_1)","decl":{"start":{"line":10,"column":15},"end":{"line":10,"column":16}},"loc":{"start":{"line":10,"column":31},"end":{"line":33,"column":1}},"line":10},"2":{"name":"(anonymous_2)","decl":{"start":{"line":12,"column":27},"end":{"line":12,"column":28}},"loc":{"start":{"line":12,"column":41},"end":{"line":28,"column":3}},"line":12}},"branchMap":{"0":{"loc":{"start":{"line":4,"column":2},"end":{"line":6,"column":3}},"type":"if","locations":[{"start":{"line":4,"column":2},"end":{"line":6,"column":3}},{"start":{},"end":{}}],"line":4},"1":{"loc":{"start":{"line":18,"column":4},"end":{"line":22,"column":5}},"type":"if","locations":[{"start":{"line":18,"column":4},"end":{"line":22,"column":5}},{"start":{},"end":{}}],"line":18},"2":{"loc":{"start":{"line":18,"column":8},"end":{"line":18,"column":44}},"type":"binary-expr","locations":[{"start":{"line":18,"column":8},"end":{"line":18,"column":24}},{"start":{"line":18,"column":28},"end":{"line":18,"column":44}}],"line":18},"3":{"loc":{"start":{"line":19,"column":13},"end":{"line":21,"column":55}},"type":"cond-expr","locations":[{"start":{"line":20,"column":10},"end":{"line":20,"column":25}},{"start":{"line":21,"column":10},"end":{"line":21,"column":55}}],"line":19},"4":{"loc":{"start":{"line":24,"column":4},"end":{"line":26,"column":5}},"type":"if","locations":[{"start":{"line":24,"column":4},"end":{"line":26,"column":5}},{"start":{},"end":{}}],"line":24},"5":{"loc":{"start":{"line":24,"column":8},"end":{"line":24,"column":45}},"type":"binary-expr","locations":[{"start":{"line":24,"column":8},"end":{"line":24,"column":24}},{"start":{"line":24,"column":28},"end":{"line":24,"column":45}}],"line":24}},"s":{"0":1,"1":9,"2":8,"3":1,"4":2,"5":2,"6":8,"7":8,"8":8,"9":8,"10":8,"11":2,"12":6,"13":4,"14":2,"15":2,"16":2,"17":2},"f":{"0":9,"1":2,"2":8},"b":{"0":[8,1],"1":[2,6],"2":[8,6],"3":[1,1],"4":[4,2],"5":[6,4]},"_coverageSchema":"1a1c01bbd47fc00a2c39e90264f33305004495a9","hash":"67448828307b1e15ac7d5343cc5c6f865c12d535"}
}
