TN:
SF:src\genDiff.js
FN:3,(anonymous_0)
FN:10,(anonymous_1)
FN:12,(anonymous_2)
FNF:3
FNH:3
FNDA:9,(anonymous_0)
FNDA:2,(anonymous_1)
FNDA:8,(anonymous_2)
DA:3,1
DA:4,9
DA:5,8
DA:7,1
DA:11,2
DA:12,2
DA:13,8
DA:14,8
DA:15,8
DA:16,8
DA:18,8
DA:19,2
DA:24,6
DA:25,4
DA:27,2
DA:30,2
DA:31,2
DA:32,2
LF:18
LH:18
BRDA:4,0,0,8
BRDA:4,0,1,1
BRDA:18,1,0,2
BRDA:18,1,1,6
BRDA:18,2,0,8
BRDA:18,2,1,6
BRDA:19,3,0,1
BRDA:19,3,1,1
BRDA:24,4,0,4
BRDA:24,4,1,2
BRDA:24,5,0,6
BRDA:24,5,1,4
BRF:12
BRH:12
end_of_record
